==2974== NVPROF is profiling process 2974, command: ./matrixMul
==2974== Warning: Unified Memory Profiling is not supported on the underlying platform. System requirements for unified memory can be found at: http://docs.nvidia.com/cuda/cuda-c-programming-guide/index.html#um-requirements
==2974== Profiling application: ./matrixMul
==2974== Profiling result:
Time(%)      Time     Calls       Avg       Min       Max  Name
 94.84%  2.66216s         1  2.66216s  2.66216s  2.66216s  void matrixMulCUDA<int=32>(float*, float*, float*, int, int)
  3.23%  90.733ms         1  90.733ms  90.733ms  90.733ms  [CUDA memcpy DtoH]
  1.93%  54.060ms         2  27.030ms  17.897ms  36.162ms  [CUDA memcpy HtoD]

==2974== API calls:
Time(%)      Time     Calls       Avg       Min       Max  Name
 89.12%  2.66216s         1  2.66216s  2.66216s  2.66216s  cudaEventSynchronize
  5.89%  176.03ms         3  58.677ms  515.99us  174.97ms  cudaMalloc
  4.97%  148.37ms         3  49.457ms  19.653ms  92.123ms  cudaMemcpy
  0.01%  153.65us         3  51.215us  26.041us  101.09us  cudaFree
  0.00%  95.990us         1  95.990us  95.990us  95.990us  cudaLaunch
  0.00%  74.113us        91     814ns     365ns  13.698us  cuDeviceGetAttribute
  0.00%  62.188us         2  31.094us  24.427us  37.761us  cudaEventRecord
  0.00%  57.656us         1  57.656us  57.656us  57.656us  cudaGetDeviceProperties
  0.00%  28.021us         2  14.010us  3.6980us  24.323us  cudaEventCreate
  0.00%  24.948us         1  24.948us  24.948us  24.948us  cudaGetDevice
  0.00%  13.333us         1  13.333us  13.333us  13.333us  cudaEventElapsedTime
  0.00%  6.5620us         3  2.1870us     885ns  4.3750us  cuDeviceGetCount
  0.00%  4.7920us         5     958ns     625ns  1.5110us  cudaSetupArgument
  0.00%  4.4800us         1  4.4800us  4.4800us  4.4800us  cudaConfigureCall
  0.00%  4.3750us         1  4.3750us  4.3750us  4.3750us  cuDeviceTotalMem
  0.00%  1.8740us         3     624ns     468ns     729ns  cuDeviceGet
  0.00%  1.1980us         1  1.1980us  1.1980us  1.1980us  cuDeviceGetName
==2974== Nvlink topology is not present in this system
